0 info it worked if it ends with ok
1 verbose cli [ 'c:\\Program Files\\nodejs\\node.exe',
1 verbose cli   'c:\\Program Files\\nodejs\\node_modules\\npm\\bin\\npm-cli.js',
1 verbose cli   'cache',
1 verbose cli   'clean' ]
2 info using npm@2.7.4
3 info using node@v0.12.2
4 silly ls normalized .
5 silly gentlyRm C:\Users\VICKY\AppData\Roaming\npm-cache\_locks is being purged
6 verbose gentlyRm don't care about contents; nuking C:\Users\VICKY\AppData\Roaming\npm-cache\_locks
7 silly gentlyRm C:\Users\VICKY\AppData\Roaming\npm-cache\abbrev is being purged
8 verbose gentlyRm don't care about contents; nuking C:\Users\VICKY\AppData\Roaming\npm-cache\abbrev
9 silly gentlyRm C:\Users\VICKY\AppData\Roaming\npm-cache\amdefine is being purged
10 verbose gentlyRm don't care about contents; nuking C:\Users\VICKY\AppData\Roaming\npm-cache\amdefine
11 silly gentlyRm C:\Users\VICKY\AppData\Roaming\npm-cache\ansi-regex is being purged
12 verbose gentlyRm don't care about contents; nuking C:\Users\VICKY\AppData\Roaming\npm-cache\ansi-regex
13 silly gentlyRm C:\Users\VICKY\AppData\Roaming\npm-cache\ansi-styles is being purged
14 verbose gentlyRm don't care about contents; nuking C:\Users\VICKY\AppData\Roaming\npm-cache\ansi-styles
15 silly gentlyRm C:\Users\VICKY\AppData\Roaming\npm-cache\ansicolors is being purged
16 verbose gentlyRm don't care about contents; nuking C:\Users\VICKY\AppData\Roaming\npm-cache\ansicolors
17 silly gentlyRm C:\Users\VICKY\AppData\Roaming\npm-cache\archy is being purged
18 verbose gentlyRm don't care about contents; nuking C:\Users\VICKY\AppData\Roaming\npm-cache\archy
19 silly gentlyRm C:\Users\VICKY\AppData\Roaming\npm-cache\argparse is being purged
20 verbose gentlyRm don't care about contents; nuking C:\Users\VICKY\AppData\Roaming\npm-cache\argparse
21 silly gentlyRm C:\Users\VICKY\AppData\Roaming\npm-cache\array-filter is being purged
22 verbose gentlyRm don't care about contents; nuking C:\Users\VICKY\AppData\Roaming\npm-cache\array-filter
23 silly gentlyRm C:\Users\VICKY\AppData\Roaming\npm-cache\array-map is being purged
24 verbose gentlyRm don't care about contents; nuking C:\Users\VICKY\AppData\Roaming\npm-cache\array-map
25 silly gentlyRm C:\Users\VICKY\AppData\Roaming\npm-cache\array-reduce is being purged
26 verbose gentlyRm don't care about contents; nuking C:\Users\VICKY\AppData\Roaming\npm-cache\array-reduce
27 silly gentlyRm C:\Users\VICKY\AppData\Roaming\npm-cache\asn1 is being purged
28 verbose gentlyRm don't care about contents; nuking C:\Users\VICKY\AppData\Roaming\npm-cache\asn1
29 silly gentlyRm C:\Users\VICKY\AppData\Roaming\npm-cache\assert-plus is being purged
30 verbose gentlyRm don't care about contents; nuking C:\Users\VICKY\AppData\Roaming\npm-cache\assert-plus
31 silly gentlyRm C:\Users\VICKY\AppData\Roaming\npm-cache\async is being purged
32 verbose gentlyRm don't care about contents; nuking C:\Users\VICKY\AppData\Roaming\npm-cache\async
33 silly gentlyRm C:\Users\VICKY\AppData\Roaming\npm-cache\aws-sign2 is being purged
34 verbose gentlyRm don't care about contents; nuking C:\Users\VICKY\AppData\Roaming\npm-cache\aws-sign2
35 silly gentlyRm C:\Users\VICKY\AppData\Roaming\npm-cache\balanced-match is being purged
36 verbose gentlyRm don't care about contents; nuking C:\Users\VICKY\AppData\Roaming\npm-cache\balanced-match
37 silly gentlyRm C:\Users\VICKY\AppData\Roaming\npm-cache\binary is being purged
38 verbose gentlyRm don't care about contents; nuking C:\Users\VICKY\AppData\Roaming\npm-cache\binary
39 silly gentlyRm C:\Users\VICKY\AppData\Roaming\npm-cache\bl is being purged
40 verbose gentlyRm don't care about contents; nuking C:\Users\VICKY\AppData\Roaming\npm-cache\bl
41 silly gentlyRm C:\Users\VICKY\AppData\Roaming\npm-cache\boom is being purged
42 verbose gentlyRm don't care about contents; nuking C:\Users\VICKY\AppData\Roaming\npm-cache\boom
43 silly gentlyRm C:\Users\VICKY\AppData\Roaming\npm-cache\bower is being purged
44 verbose gentlyRm don't care about contents; nuking C:\Users\VICKY\AppData\Roaming\npm-cache\bower
45 silly gentlyRm C:\Users\VICKY\AppData\Roaming\npm-cache\bower-config is being purged
46 verbose gentlyRm don't care about contents; nuking C:\Users\VICKY\AppData\Roaming\npm-cache\bower-config
47 silly gentlyRm C:\Users\VICKY\AppData\Roaming\npm-cache\bower-endpoint-parser is being purged
48 verbose gentlyRm don't care about contents; nuking C:\Users\VICKY\AppData\Roaming\npm-cache\bower-endpoint-parser
49 silly gentlyRm C:\Users\VICKY\AppData\Roaming\npm-cache\bower-json is being purged
50 verbose gentlyRm don't care about contents; nuking C:\Users\VICKY\AppData\Roaming\npm-cache\bower-json
51 silly gentlyRm C:\Users\VICKY\AppData\Roaming\npm-cache\bower-logger is being purged
52 verbose gentlyRm don't care about contents; nuking C:\Users\VICKY\AppData\Roaming\npm-cache\bower-logger
53 silly gentlyRm C:\Users\VICKY\AppData\Roaming\npm-cache\bower-registry-client is being purged
54 verbose gentlyRm don't care about contents; nuking C:\Users\VICKY\AppData\Roaming\npm-cache\bower-registry-client
55 silly gentlyRm C:\Users\VICKY\AppData\Roaming\npm-cache\brace-expansion is being purged
56 verbose gentlyRm don't care about contents; nuking C:\Users\VICKY\AppData\Roaming\npm-cache\brace-expansion
57 silly gentlyRm C:\Users\VICKY\AppData\Roaming\npm-cache\buffers is being purged
58 verbose gentlyRm don't care about contents; nuking C:\Users\VICKY\AppData\Roaming\npm-cache\buffers
59 silly gentlyRm C:\Users\VICKY\AppData\Roaming\npm-cache\cardinal is being purged
60 verbose gentlyRm don't care about contents; nuking C:\Users\VICKY\AppData\Roaming\npm-cache\cardinal
61 silly gentlyRm C:\Users\VICKY\AppData\Roaming\npm-cache\caseless is being purged
62 verbose gentlyRm don't care about contents; nuking C:\Users\VICKY\AppData\Roaming\npm-cache\caseless
63 silly gentlyRm C:\Users\VICKY\AppData\Roaming\npm-cache\chainsaw is being purged
64 verbose gentlyRm don't care about contents; nuking C:\Users\VICKY\AppData\Roaming\npm-cache\chainsaw
65 silly gentlyRm C:\Users\VICKY\AppData\Roaming\npm-cache\chalk is being purged
66 verbose gentlyRm don't care about contents; nuking C:\Users\VICKY\AppData\Roaming\npm-cache\chalk
67 silly gentlyRm C:\Users\VICKY\AppData\Roaming\npm-cache\chmodr is being purged
68 verbose gentlyRm don't care about contents; nuking C:\Users\VICKY\AppData\Roaming\npm-cache\chmodr
69 silly gentlyRm C:\Users\VICKY\AppData\Roaming\npm-cache\cli-color is being purged
70 verbose gentlyRm don't care about contents; nuking C:\Users\VICKY\AppData\Roaming\npm-cache\cli-color
71 silly gentlyRm C:\Users\VICKY\AppData\Roaming\npm-cache\combined-stream is being purged
72 verbose gentlyRm don't care about contents; nuking C:\Users\VICKY\AppData\Roaming\npm-cache\combined-stream
73 silly gentlyRm C:\Users\VICKY\AppData\Roaming\npm-cache\concat-map is being purged
74 verbose gentlyRm don't care about contents; nuking C:\Users\VICKY\AppData\Roaming\npm-cache\concat-map
75 silly gentlyRm C:\Users\VICKY\AppData\Roaming\npm-cache\configstore is being purged
76 verbose gentlyRm don't care about contents; nuking C:\Users\VICKY\AppData\Roaming\npm-cache\configstore
77 silly gentlyRm C:\Users\VICKY\AppData\Roaming\npm-cache\core-util-is is being purged
78 verbose gentlyRm don't care about contents; nuking C:\Users\VICKY\AppData\Roaming\npm-cache\core-util-is
79 silly gentlyRm C:\Users\VICKY\AppData\Roaming\npm-cache\cryptiles is being purged
80 verbose gentlyRm don't care about contents; nuking C:\Users\VICKY\AppData\Roaming\npm-cache\cryptiles
81 silly gentlyRm C:\Users\VICKY\AppData\Roaming\npm-cache\ctype is being purged
82 verbose gentlyRm don't care about contents; nuking C:\Users\VICKY\AppData\Roaming\npm-cache\ctype
83 silly gentlyRm C:\Users\VICKY\AppData\Roaming\npm-cache\d is being purged
84 verbose gentlyRm don't care about contents; nuking C:\Users\VICKY\AppData\Roaming\npm-cache\d
85 silly gentlyRm C:\Users\VICKY\AppData\Roaming\npm-cache\decompress-zip is being purged
86 verbose gentlyRm don't care about contents; nuking C:\Users\VICKY\AppData\Roaming\npm-cache\decompress-zip
87 silly gentlyRm C:\Users\VICKY\AppData\Roaming\npm-cache\deep-extend is being purged
88 verbose gentlyRm don't care about contents; nuking C:\Users\VICKY\AppData\Roaming\npm-cache\deep-extend
89 silly gentlyRm C:\Users\VICKY\AppData\Roaming\npm-cache\delayed-stream is being purged
90 verbose gentlyRm don't care about contents; nuking C:\Users\VICKY\AppData\Roaming\npm-cache\delayed-stream
91 silly gentlyRm C:\Users\VICKY\AppData\Roaming\npm-cache\duplexify is being purged
92 verbose gentlyRm don't care about contents; nuking C:\Users\VICKY\AppData\Roaming\npm-cache\duplexify
93 silly gentlyRm C:\Users\VICKY\AppData\Roaming\npm-cache\end-of-stream is being purged
94 verbose gentlyRm don't care about contents; nuking C:\Users\VICKY\AppData\Roaming\npm-cache\end-of-stream
95 silly gentlyRm C:\Users\VICKY\AppData\Roaming\npm-cache\es5-ext is being purged
96 verbose gentlyRm don't care about contents; nuking C:\Users\VICKY\AppData\Roaming\npm-cache\es5-ext
97 silly gentlyRm C:\Users\VICKY\AppData\Roaming\npm-cache\es6-iterator is being purged
98 verbose gentlyRm don't care about contents; nuking C:\Users\VICKY\AppData\Roaming\npm-cache\es6-iterator
99 silly gentlyRm C:\Users\VICKY\AppData\Roaming\npm-cache\es6-symbol is being purged
100 verbose gentlyRm don't care about contents; nuking C:\Users\VICKY\AppData\Roaming\npm-cache\es6-symbol
101 silly gentlyRm C:\Users\VICKY\AppData\Roaming\npm-cache\es6-weak-map is being purged
102 verbose gentlyRm don't care about contents; nuking C:\Users\VICKY\AppData\Roaming\npm-cache\es6-weak-map
103 silly gentlyRm C:\Users\VICKY\AppData\Roaming\npm-cache\escape-string-regexp is being purged
104 verbose gentlyRm don't care about contents; nuking C:\Users\VICKY\AppData\Roaming\npm-cache\escape-string-regexp
105 silly gentlyRm C:\Users\VICKY\AppData\Roaming\npm-cache\esprima is being purged
106 verbose gentlyRm don't care about contents; nuking C:\Users\VICKY\AppData\Roaming\npm-cache\esprima
107 silly gentlyRm C:\Users\VICKY\AppData\Roaming\npm-cache\event-emitter is being purged
108 verbose gentlyRm don't care about contents; nuking C:\Users\VICKY\AppData\Roaming\npm-cache\event-emitter
109 silly gentlyRm C:\Users\VICKY\AppData\Roaming\npm-cache\figures is being purged
110 verbose gentlyRm don't care about contents; nuking C:\Users\VICKY\AppData\Roaming\npm-cache\figures
111 silly gentlyRm C:\Users\VICKY\AppData\Roaming\npm-cache\forever-agent is being purged
112 verbose gentlyRm don't care about contents; nuking C:\Users\VICKY\AppData\Roaming\npm-cache\forever-agent
113 silly gentlyRm C:\Users\VICKY\AppData\Roaming\npm-cache\form-data is being purged
114 verbose gentlyRm don't care about contents; nuking C:\Users\VICKY\AppData\Roaming\npm-cache\form-data
115 silly gentlyRm C:\Users\VICKY\AppData\Roaming\npm-cache\fstream is being purged
116 verbose gentlyRm don't care about contents; nuking C:\Users\VICKY\AppData\Roaming\npm-cache\fstream
117 silly gentlyRm C:\Users\VICKY\AppData\Roaming\npm-cache\fstream-ignore is being purged
118 verbose gentlyRm don't care about contents; nuking C:\Users\VICKY\AppData\Roaming\npm-cache\fstream-ignore
119 silly gentlyRm C:\Users\VICKY\AppData\Roaming\npm-cache\get-stdin is being purged
120 verbose gentlyRm don't care about contents; nuking C:\Users\VICKY\AppData\Roaming\npm-cache\get-stdin
121 silly gentlyRm C:\Users\VICKY\AppData\Roaming\npm-cache\github is being purged
122 verbose gentlyRm don't care about contents; nuking C:\Users\VICKY\AppData\Roaming\npm-cache\github
123 silly gentlyRm C:\Users\VICKY\AppData\Roaming\npm-cache\glob is being purged
124 verbose gentlyRm don't care about contents; nuking C:\Users\VICKY\AppData\Roaming\npm-cache\glob
125 silly gentlyRm C:\Users\VICKY\AppData\Roaming\npm-cache\got is being purged
126 verbose gentlyRm don't care about contents; nuking C:\Users\VICKY\AppData\Roaming\npm-cache\got
127 silly gentlyRm C:\Users\VICKY\AppData\Roaming\npm-cache\graceful-fs is being purged
128 verbose gentlyRm don't care about contents; nuking C:\Users\VICKY\AppData\Roaming\npm-cache\graceful-fs
129 silly gentlyRm C:\Users\VICKY\AppData\Roaming\npm-cache\handlebars is being purged
130 verbose gentlyRm don't care about contents; nuking C:\Users\VICKY\AppData\Roaming\npm-cache\handlebars
131 silly gentlyRm C:\Users\VICKY\AppData\Roaming\npm-cache\has-ansi is being purged
132 verbose gentlyRm don't care about contents; nuking C:\Users\VICKY\AppData\Roaming\npm-cache\has-ansi
133 silly gentlyRm C:\Users\VICKY\AppData\Roaming\npm-cache\hawk is being purged
134 verbose gentlyRm don't care about contents; nuking C:\Users\VICKY\AppData\Roaming\npm-cache\hawk
135 silly gentlyRm C:\Users\VICKY\AppData\Roaming\npm-cache\hoek is being purged
136 verbose gentlyRm don't care about contents; nuking C:\Users\VICKY\AppData\Roaming\npm-cache\hoek
137 silly gentlyRm C:\Users\VICKY\AppData\Roaming\npm-cache\http-signature is being purged
138 verbose gentlyRm don't care about contents; nuking C:\Users\VICKY\AppData\Roaming\npm-cache\http-signature
139 silly gentlyRm C:\Users\VICKY\AppData\Roaming\npm-cache\infinity-agent is being purged
140 verbose gentlyRm don't care about contents; nuking C:\Users\VICKY\AppData\Roaming\npm-cache\infinity-agent
141 silly gentlyRm C:\Users\VICKY\AppData\Roaming\npm-cache\inflight is being purged
142 verbose gentlyRm don't care about contents; nuking C:\Users\VICKY\AppData\Roaming\npm-cache\inflight
143 silly gentlyRm C:\Users\VICKY\AppData\Roaming\npm-cache\inherits is being purged
144 verbose gentlyRm don't care about contents; nuking C:\Users\VICKY\AppData\Roaming\npm-cache\inherits
145 silly gentlyRm C:\Users\VICKY\AppData\Roaming\npm-cache\ini is being purged
146 verbose gentlyRm don't care about contents; nuking C:\Users\VICKY\AppData\Roaming\npm-cache\ini
147 silly gentlyRm C:\Users\VICKY\AppData\Roaming\npm-cache\inquirer is being purged
148 verbose gentlyRm don't care about contents; nuking C:\Users\VICKY\AppData\Roaming\npm-cache\inquirer
149 silly gentlyRm C:\Users\VICKY\AppData\Roaming\npm-cache\insight is being purged
150 verbose gentlyRm don't care about contents; nuking C:\Users\VICKY\AppData\Roaming\npm-cache\insight
151 silly gentlyRm C:\Users\VICKY\AppData\Roaming\npm-cache\intersect is being purged
152 verbose gentlyRm don't care about contents; nuking C:\Users\VICKY\AppData\Roaming\npm-cache\intersect
153 silly gentlyRm C:\Users\VICKY\AppData\Roaming\npm-cache\is-absolute is being purged
154 verbose gentlyRm don't care about contents; nuking C:\Users\VICKY\AppData\Roaming\npm-cache\is-absolute
155 silly gentlyRm C:\Users\VICKY\AppData\Roaming\npm-cache\is-npm is being purged
156 verbose gentlyRm don't care about contents; nuking C:\Users\VICKY\AppData\Roaming\npm-cache\is-npm
157 silly gentlyRm C:\Users\VICKY\AppData\Roaming\npm-cache\is-relative is being purged
158 verbose gentlyRm don't care about contents; nuking C:\Users\VICKY\AppData\Roaming\npm-cache\is-relative
159 silly gentlyRm C:\Users\VICKY\AppData\Roaming\npm-cache\is-root is being purged
160 verbose gentlyRm don't care about contents; nuking C:\Users\VICKY\AppData\Roaming\npm-cache\is-root
161 silly gentlyRm C:\Users\VICKY\AppData\Roaming\npm-cache\is-stream is being purged
162 verbose gentlyRm don't care about contents; nuking C:\Users\VICKY\AppData\Roaming\npm-cache\is-stream
163 silly gentlyRm C:\Users\VICKY\AppData\Roaming\npm-cache\isarray is being purged
164 verbose gentlyRm don't care about contents; nuking C:\Users\VICKY\AppData\Roaming\npm-cache\isarray
165 silly gentlyRm C:\Users\VICKY\AppData\Roaming\npm-cache\isstream is being purged
166 verbose gentlyRm don't care about contents; nuking C:\Users\VICKY\AppData\Roaming\npm-cache\isstream
167 silly gentlyRm C:\Users\VICKY\AppData\Roaming\npm-cache\js-yaml is being purged
168 verbose gentlyRm don't care about contents; nuking C:\Users\VICKY\AppData\Roaming\npm-cache\js-yaml
169 silly gentlyRm C:\Users\VICKY\AppData\Roaming\npm-cache\json-stringify-safe is being purged
170 verbose gentlyRm don't care about contents; nuking C:\Users\VICKY\AppData\Roaming\npm-cache\json-stringify-safe
171 silly gentlyRm C:\Users\VICKY\AppData\Roaming\npm-cache\jsonify is being purged
172 verbose gentlyRm don't care about contents; nuking C:\Users\VICKY\AppData\Roaming\npm-cache\jsonify
173 silly gentlyRm C:\Users\VICKY\AppData\Roaming\npm-cache\junk is being purged
174 verbose gentlyRm don't care about contents; nuking C:\Users\VICKY\AppData\Roaming\npm-cache\junk
175 silly gentlyRm C:\Users\VICKY\AppData\Roaming\npm-cache\latest-version is being purged
176 verbose gentlyRm don't care about contents; nuking C:\Users\VICKY\AppData\Roaming\npm-cache\latest-version
177 silly gentlyRm C:\Users\VICKY\AppData\Roaming\npm-cache\lockfile is being purged
178 verbose gentlyRm don't care about contents; nuking C:\Users\VICKY\AppData\Roaming\npm-cache\lockfile
179 silly gentlyRm C:\Users\VICKY\AppData\Roaming\npm-cache\lodash is being purged
180 verbose gentlyRm don't care about contents; nuking C:\Users\VICKY\AppData\Roaming\npm-cache\lodash
181 silly gentlyRm C:\Users\VICKY\AppData\Roaming\npm-cache\lodash.debounce is being purged
182 verbose gentlyRm don't care about contents; nuking C:\Users\VICKY\AppData\Roaming\npm-cache\lodash.debounce
183 silly gentlyRm C:\Users\VICKY\AppData\Roaming\npm-cache\lodash.isnative is being purged
184 verbose gentlyRm don't care about contents; nuking C:\Users\VICKY\AppData\Roaming\npm-cache\lodash.isnative
185 silly gentlyRm C:\Users\VICKY\AppData\Roaming\npm-cache\lowercase-keys is being purged
186 verbose gentlyRm don't care about contents; nuking C:\Users\VICKY\AppData\Roaming\npm-cache\lowercase-keys
187 silly gentlyRm C:\Users\VICKY\AppData\Roaming\npm-cache\lru-cache is being purged
188 verbose gentlyRm don't care about contents; nuking C:\Users\VICKY\AppData\Roaming\npm-cache\lru-cache
189 silly gentlyRm C:\Users\VICKY\AppData\Roaming\npm-cache\lru-queue is being purged
190 verbose gentlyRm don't care about contents; nuking C:\Users\VICKY\AppData\Roaming\npm-cache\lru-queue
191 silly gentlyRm C:\Users\VICKY\AppData\Roaming\npm-cache\memoizee is being purged
192 verbose gentlyRm don't care about contents; nuking C:\Users\VICKY\AppData\Roaming\npm-cache\memoizee
193 silly gentlyRm C:\Users\VICKY\AppData\Roaming\npm-cache\mime is being purged
194 verbose gentlyRm don't care about contents; nuking C:\Users\VICKY\AppData\Roaming\npm-cache\mime
195 silly gentlyRm C:\Users\VICKY\AppData\Roaming\npm-cache\mime-db is being purged
196 verbose gentlyRm don't care about contents; nuking C:\Users\VICKY\AppData\Roaming\npm-cache\mime-db
197 silly gentlyRm C:\Users\VICKY\AppData\Roaming\npm-cache\mime-types is being purged
198 verbose gentlyRm don't care about contents; nuking C:\Users\VICKY\AppData\Roaming\npm-cache\mime-types
199 silly gentlyRm C:\Users\VICKY\AppData\Roaming\npm-cache\minimatch is being purged
200 verbose gentlyRm don't care about contents; nuking C:\Users\VICKY\AppData\Roaming\npm-cache\minimatch
201 silly gentlyRm C:\Users\VICKY\AppData\Roaming\npm-cache\minimist is being purged
202 verbose gentlyRm don't care about contents; nuking C:\Users\VICKY\AppData\Roaming\npm-cache\minimist
203 silly gentlyRm C:\Users\VICKY\AppData\Roaming\npm-cache\mkdirp is being purged
204 verbose gentlyRm don't care about contents; nuking C:\Users\VICKY\AppData\Roaming\npm-cache\mkdirp
205 silly gentlyRm C:\Users\VICKY\AppData\Roaming\npm-cache\mkpath is being purged
206 verbose gentlyRm don't care about contents; nuking C:\Users\VICKY\AppData\Roaming\npm-cache\mkpath
207 silly gentlyRm C:\Users\VICKY\AppData\Roaming\npm-cache\mout is being purged
208 verbose gentlyRm don't care about contents; nuking C:\Users\VICKY\AppData\Roaming\npm-cache\mout
209 silly gentlyRm C:\Users\VICKY\AppData\Roaming\npm-cache\mute-stream is being purged
210 verbose gentlyRm don't care about contents; nuking C:\Users\VICKY\AppData\Roaming\npm-cache\mute-stream
211 silly gentlyRm C:\Users\VICKY\AppData\Roaming\npm-cache\nested-error-stacks is being purged
212 verbose gentlyRm don't care about contents; nuking C:\Users\VICKY\AppData\Roaming\npm-cache\nested-error-stacks
213 silly gentlyRm C:\Users\VICKY\AppData\Roaming\npm-cache\next-tick is being purged
214 verbose gentlyRm don't care about contents; nuking C:\Users\VICKY\AppData\Roaming\npm-cache\next-tick
215 silly gentlyRm C:\Users\VICKY\AppData\Roaming\npm-cache\node-uuid is being purged
216 verbose gentlyRm don't care about contents; nuking C:\Users\VICKY\AppData\Roaming\npm-cache\node-uuid
217 silly gentlyRm C:\Users\VICKY\AppData\Roaming\npm-cache\nopt is being purged
218 verbose gentlyRm don't care about contents; nuking C:\Users\VICKY\AppData\Roaming\npm-cache\nopt
219 silly gentlyRm C:\Users\VICKY\AppData\Roaming\npm-cache\oauth-sign is being purged
220 verbose gentlyRm don't care about contents; nuking C:\Users\VICKY\AppData\Roaming\npm-cache\oauth-sign
221 silly gentlyRm C:\Users\VICKY\AppData\Roaming\npm-cache\object-assign is being purged
222 verbose gentlyRm don't care about contents; nuking C:\Users\VICKY\AppData\Roaming\npm-cache\object-assign
223 silly gentlyRm C:\Users\VICKY\AppData\Roaming\npm-cache\once is being purged
224 verbose gentlyRm don't care about contents; nuking C:\Users\VICKY\AppData\Roaming\npm-cache\once
225 silly gentlyRm C:\Users\VICKY\AppData\Roaming\npm-cache\opn is being purged
226 verbose gentlyRm don't care about contents; nuking C:\Users\VICKY\AppData\Roaming\npm-cache\opn
227 silly gentlyRm C:\Users\VICKY\AppData\Roaming\npm-cache\optimist is being purged
228 verbose gentlyRm don't care about contents; nuking C:\Users\VICKY\AppData\Roaming\npm-cache\optimist
229 silly gentlyRm C:\Users\VICKY\AppData\Roaming\npm-cache\os-name is being purged
230 verbose gentlyRm don't care about contents; nuking C:\Users\VICKY\AppData\Roaming\npm-cache\os-name
231 silly gentlyRm C:\Users\VICKY\AppData\Roaming\npm-cache\osenv is being purged
232 verbose gentlyRm don't care about contents; nuking C:\Users\VICKY\AppData\Roaming\npm-cache\osenv
233 silly gentlyRm C:\Users\VICKY\AppData\Roaming\npm-cache\osx-release is being purged
234 verbose gentlyRm don't care about contents; nuking C:\Users\VICKY\AppData\Roaming\npm-cache\osx-release
235 silly gentlyRm C:\Users\VICKY\AppData\Roaming\npm-cache\p-throttler is being purged
236 verbose gentlyRm don't care about contents; nuking C:\Users\VICKY\AppData\Roaming\npm-cache\p-throttler
237 silly gentlyRm C:\Users\VICKY\AppData\Roaming\npm-cache\package-json is being purged
238 verbose gentlyRm don't care about contents; nuking C:\Users\VICKY\AppData\Roaming\npm-cache\package-json
239 silly gentlyRm C:\Users\VICKY\AppData\Roaming\npm-cache\prepend-http is being purged
240 verbose gentlyRm don't care about contents; nuking C:\Users\VICKY\AppData\Roaming\npm-cache\prepend-http
241 silly gentlyRm C:\Users\VICKY\AppData\Roaming\npm-cache\promptly is being purged
242 verbose gentlyRm don't care about contents; nuking C:\Users\VICKY\AppData\Roaming\npm-cache\promptly
243 silly gentlyRm C:\Users\VICKY\AppData\Roaming\npm-cache\pump is being purged
244 verbose gentlyRm don't care about contents; nuking C:\Users\VICKY\AppData\Roaming\npm-cache\pump
245 silly gentlyRm C:\Users\VICKY\AppData\Roaming\npm-cache\punycode is being purged
246 verbose gentlyRm don't care about contents; nuking C:\Users\VICKY\AppData\Roaming\npm-cache\punycode
247 silly gentlyRm C:\Users\VICKY\AppData\Roaming\npm-cache\q is being purged
248 verbose gentlyRm don't care about contents; nuking C:\Users\VICKY\AppData\Roaming\npm-cache\q
249 silly gentlyRm C:\Users\VICKY\AppData\Roaming\npm-cache\qs is being purged
250 verbose gentlyRm don't care about contents; nuking C:\Users\VICKY\AppData\Roaming\npm-cache\qs
251 silly gentlyRm C:\Users\VICKY\AppData\Roaming\npm-cache\rc is being purged
252 verbose gentlyRm don't care about contents; nuking C:\Users\VICKY\AppData\Roaming\npm-cache\rc
253 silly gentlyRm C:\Users\VICKY\AppData\Roaming\npm-cache\read is being purged
254 verbose gentlyRm don't care about contents; nuking C:\Users\VICKY\AppData\Roaming\npm-cache\read
255 silly gentlyRm C:\Users\VICKY\AppData\Roaming\npm-cache\read-all-stream is being purged
256 verbose gentlyRm don't care about contents; nuking C:\Users\VICKY\AppData\Roaming\npm-cache\read-all-stream
257 silly gentlyRm C:\Users\VICKY\AppData\Roaming\npm-cache\readable-stream is being purged
258 verbose gentlyRm don't care about contents; nuking C:\Users\VICKY\AppData\Roaming\npm-cache\readable-stream
259 silly gentlyRm C:\Users\VICKY\AppData\Roaming\npm-cache\readline2 is being purged
260 verbose gentlyRm don't care about contents; nuking C:\Users\VICKY\AppData\Roaming\npm-cache\readline2
261 silly gentlyRm C:\Users\VICKY\AppData\Roaming\npm-cache\redeyed is being purged
262 verbose gentlyRm don't care about contents; nuking C:\Users\VICKY\AppData\Roaming\npm-cache\redeyed
263 silly gentlyRm C:\Users\VICKY\AppData\Roaming\npm-cache\registry-url is being purged
264 verbose gentlyRm don't care about contents; nuking C:\Users\VICKY\AppData\Roaming\npm-cache\registry-url
265 silly gentlyRm C:\Users\VICKY\AppData\Roaming\npm-cache\registry.npmjs.org is being purged
266 verbose gentlyRm don't care about contents; nuking C:\Users\VICKY\AppData\Roaming\npm-cache\registry.npmjs.org
267 silly gentlyRm C:\Users\VICKY\AppData\Roaming\npm-cache\request is being purged
268 verbose gentlyRm don't care about contents; nuking C:\Users\VICKY\AppData\Roaming\npm-cache\request
269 silly gentlyRm C:\Users\VICKY\AppData\Roaming\npm-cache\request-progress is being purged
270 verbose gentlyRm don't care about contents; nuking C:\Users\VICKY\AppData\Roaming\npm-cache\request-progress
271 silly gentlyRm C:\Users\VICKY\AppData\Roaming\npm-cache\request-replay is being purged
272 verbose gentlyRm don't care about contents; nuking C:\Users\VICKY\AppData\Roaming\npm-cache\request-replay
273 silly gentlyRm C:\Users\VICKY\AppData\Roaming\npm-cache\retry is being purged
274 verbose gentlyRm don't care about contents; nuking C:\Users\VICKY\AppData\Roaming\npm-cache\retry
275 silly gentlyRm C:\Users\VICKY\AppData\Roaming\npm-cache\rimraf is being purged
276 verbose gentlyRm don't care about contents; nuking C:\Users\VICKY\AppData\Roaming\npm-cache\rimraf
277 silly gentlyRm C:\Users\VICKY\AppData\Roaming\npm-cache\rx is being purged
278 verbose gentlyRm don't care about contents; nuking C:\Users\VICKY\AppData\Roaming\npm-cache\rx
279 silly gentlyRm C:\Users\VICKY\AppData\Roaming\npm-cache\semver is being purged
280 verbose gentlyRm don't care about contents; nuking C:\Users\VICKY\AppData\Roaming\npm-cache\semver
281 silly gentlyRm C:\Users\VICKY\AppData\Roaming\npm-cache\semver-diff is being purged
282 verbose gentlyRm don't care about contents; nuking C:\Users\VICKY\AppData\Roaming\npm-cache\semver-diff
283 silly gentlyRm C:\Users\VICKY\AppData\Roaming\npm-cache\shell-quote is being purged
284 verbose gentlyRm don't care about contents; nuking C:\Users\VICKY\AppData\Roaming\npm-cache\shell-quote
285 silly gentlyRm C:\Users\VICKY\AppData\Roaming\npm-cache\sntp is being purged
286 verbose gentlyRm don't care about contents; nuking C:\Users\VICKY\AppData\Roaming\npm-cache\sntp
287 silly gentlyRm C:\Users\VICKY\AppData\Roaming\npm-cache\source-map is being purged
288 verbose gentlyRm don't care about contents; nuking C:\Users\VICKY\AppData\Roaming\npm-cache\source-map
289 silly gentlyRm C:\Users\VICKY\AppData\Roaming\npm-cache\sprintf-js is being purged
290 verbose gentlyRm don't care about contents; nuking C:\Users\VICKY\AppData\Roaming\npm-cache\sprintf-js
291 silly gentlyRm C:\Users\VICKY\AppData\Roaming\npm-cache\statuses is being purged
292 verbose gentlyRm don't care about contents; nuking C:\Users\VICKY\AppData\Roaming\npm-cache\statuses
293 silly gentlyRm C:\Users\VICKY\AppData\Roaming\npm-cache\string-length is being purged
294 verbose gentlyRm don't care about contents; nuking C:\Users\VICKY\AppData\Roaming\npm-cache\string-length
295 silly gentlyRm C:\Users\VICKY\AppData\Roaming\npm-cache\string_decoder is being purged
296 verbose gentlyRm don't care about contents; nuking C:\Users\VICKY\AppData\Roaming\npm-cache\string_decoder
297 silly gentlyRm C:\Users\VICKY\AppData\Roaming\npm-cache\stringify-object is being purged
298 verbose gentlyRm don't care about contents; nuking C:\Users\VICKY\AppData\Roaming\npm-cache\stringify-object
299 silly gentlyRm C:\Users\VICKY\AppData\Roaming\npm-cache\stringstream is being purged
300 verbose gentlyRm don't care about contents; nuking C:\Users\VICKY\AppData\Roaming\npm-cache\stringstream
301 silly gentlyRm C:\Users\VICKY\AppData\Roaming\npm-cache\strip-ansi is being purged
302 verbose gentlyRm don't care about contents; nuking C:\Users\VICKY\AppData\Roaming\npm-cache\strip-ansi
303 silly gentlyRm C:\Users\VICKY\AppData\Roaming\npm-cache\strip-json-comments is being purged
304 verbose gentlyRm don't care about contents; nuking C:\Users\VICKY\AppData\Roaming\npm-cache\strip-json-comments
305 silly gentlyRm C:\Users\VICKY\AppData\Roaming\npm-cache\supports-color is being purged
306 verbose gentlyRm don't care about contents; nuking C:\Users\VICKY\AppData\Roaming\npm-cache\supports-color
307 silly gentlyRm C:\Users\VICKY\AppData\Roaming\npm-cache\tar-fs is being purged
308 verbose gentlyRm don't care about contents; nuking C:\Users\VICKY\AppData\Roaming\npm-cache\tar-fs
309 silly gentlyRm C:\Users\VICKY\AppData\Roaming\npm-cache\tar-stream is being purged
310 verbose gentlyRm don't care about contents; nuking C:\Users\VICKY\AppData\Roaming\npm-cache\tar-stream
311 silly gentlyRm C:\Users\VICKY\AppData\Roaming\npm-cache\throttleit is being purged
312 verbose gentlyRm don't care about contents; nuking C:\Users\VICKY\AppData\Roaming\npm-cache\throttleit
313 silly gentlyRm C:\Users\VICKY\AppData\Roaming\npm-cache\through is being purged
314 verbose gentlyRm don't care about contents; nuking C:\Users\VICKY\AppData\Roaming\npm-cache\through
315 silly gentlyRm C:\Users\VICKY\AppData\Roaming\npm-cache\timed-out is being purged
316 verbose gentlyRm don't care about contents; nuking C:\Users\VICKY\AppData\Roaming\npm-cache\timed-out
317 silly gentlyRm C:\Users\VICKY\AppData\Roaming\npm-cache\timers-ext is being purged
318 verbose gentlyRm don't care about contents; nuking C:\Users\VICKY\AppData\Roaming\npm-cache\timers-ext
319 silly gentlyRm C:\Users\VICKY\AppData\Roaming\npm-cache\tmp is being purged
320 verbose gentlyRm don't care about contents; nuking C:\Users\VICKY\AppData\Roaming\npm-cache\tmp
321 silly gentlyRm C:\Users\VICKY\AppData\Roaming\npm-cache\touch is being purged
322 verbose gentlyRm don't care about contents; nuking C:\Users\VICKY\AppData\Roaming\npm-cache\touch
323 silly gentlyRm C:\Users\VICKY\AppData\Roaming\npm-cache\tough-cookie is being purged
324 verbose gentlyRm don't care about contents; nuking C:\Users\VICKY\AppData\Roaming\npm-cache\tough-cookie
325 silly gentlyRm C:\Users\VICKY\AppData\Roaming\npm-cache\traverse is being purged
326 verbose gentlyRm don't care about contents; nuking C:\Users\VICKY\AppData\Roaming\npm-cache\traverse
327 silly gentlyRm C:\Users\VICKY\AppData\Roaming\npm-cache\tunnel-agent is being purged
328 verbose gentlyRm don't care about contents; nuking C:\Users\VICKY\AppData\Roaming\npm-cache\tunnel-agent
329 silly gentlyRm C:\Users\VICKY\AppData\Roaming\npm-cache\uglify-js is being purged
330 verbose gentlyRm don't care about contents; nuking C:\Users\VICKY\AppData\Roaming\npm-cache\uglify-js
331 silly gentlyRm C:\Users\VICKY\AppData\Roaming\npm-cache\update-notifier is being purged
332 verbose gentlyRm don't care about contents; nuking C:\Users\VICKY\AppData\Roaming\npm-cache\update-notifier
333 silly gentlyRm C:\Users\VICKY\AppData\Roaming\npm-cache\user-home is being purged
334 verbose gentlyRm don't care about contents; nuking C:\Users\VICKY\AppData\Roaming\npm-cache\user-home
335 silly gentlyRm C:\Users\VICKY\AppData\Roaming\npm-cache\uuid is being purged
336 verbose gentlyRm don't care about contents; nuking C:\Users\VICKY\AppData\Roaming\npm-cache\uuid
337 silly gentlyRm C:\Users\VICKY\AppData\Roaming\npm-cache\which is being purged
338 verbose gentlyRm don't care about contents; nuking C:\Users\VICKY\AppData\Roaming\npm-cache\which
339 silly gentlyRm C:\Users\VICKY\AppData\Roaming\npm-cache\win-release is being purged
340 verbose gentlyRm don't care about contents; nuking C:\Users\VICKY\AppData\Roaming\npm-cache\win-release
341 silly gentlyRm C:\Users\VICKY\AppData\Roaming\npm-cache\wordwrap is being purged
342 verbose gentlyRm don't care about contents; nuking C:\Users\VICKY\AppData\Roaming\npm-cache\wordwrap
343 silly gentlyRm C:\Users\VICKY\AppData\Roaming\npm-cache\wrappy is being purged
344 verbose gentlyRm don't care about contents; nuking C:\Users\VICKY\AppData\Roaming\npm-cache\wrappy
345 silly gentlyRm C:\Users\VICKY\AppData\Roaming\npm-cache\xdg-basedir is being purged
346 verbose gentlyRm don't care about contents; nuking C:\Users\VICKY\AppData\Roaming\npm-cache\xdg-basedir
347 silly gentlyRm C:\Users\VICKY\AppData\Roaming\npm-cache\xtend is being purged
348 verbose gentlyRm don't care about contents; nuking C:\Users\VICKY\AppData\Roaming\npm-cache\xtend
349 silly vacuum-fs purging C:\Users\VICKY\AppData\Roaming\npm-cache\_locks
350 silly vacuum-fs purging C:\Users\VICKY\AppData\Roaming\npm-cache\amdefine
351 silly vacuum-fs purging C:\Users\VICKY\AppData\Roaming\npm-cache\abbrev
352 silly vacuum-fs purging C:\Users\VICKY\AppData\Roaming\npm-cache\ansi-styles
353 silly vacuum-fs purging C:\Users\VICKY\AppData\Roaming\npm-cache\ansi-regex
354 silly vacuum-fs purging C:\Users\VICKY\AppData\Roaming\npm-cache\ansicolors
355 silly vacuum-fs purging C:\Users\VICKY\AppData\Roaming\npm-cache\argparse
356 silly vacuum-fs purging C:\Users\VICKY\AppData\Roaming\npm-cache\array-filter
357 silly vacuum-fs purging C:\Users\VICKY\AppData\Roaming\npm-cache\archy
358 silly vacuum-fs purging C:\Users\VICKY\AppData\Roaming\npm-cache\array-map
359 silly vacuum-fs purging C:\Users\VICKY\AppData\Roaming\npm-cache\assert-plus
360 silly vacuum-fs purging C:\Users\VICKY\AppData\Roaming\npm-cache\array-reduce
361 silly vacuum-fs purging C:\Users\VICKY\AppData\Roaming\npm-cache\asn1
362 silly vacuum-fs purging C:\Users\VICKY\AppData\Roaming\npm-cache\async
363 silly vacuum-fs purging C:\Users\VICKY\AppData\Roaming\npm-cache\binary
364 silly vacuum-fs purging C:\Users\VICKY\AppData\Roaming\npm-cache\aws-sign2
365 silly vacuum-fs purging C:\Users\VICKY\AppData\Roaming\npm-cache\bower
366 silly vacuum-fs purging C:\Users\VICKY\AppData\Roaming\npm-cache\boom
367 silly vacuum-fs purging C:\Users\VICKY\AppData\Roaming\npm-cache\bl
368 silly vacuum-fs purging C:\Users\VICKY\AppData\Roaming\npm-cache\balanced-match
369 silly vacuum-fs purging C:\Users\VICKY\AppData\Roaming\npm-cache\bower-json
370 silly vacuum-fs purging C:\Users\VICKY\AppData\Roaming\npm-cache\bower-config
371 silly vacuum-fs purging C:\Users\VICKY\AppData\Roaming\npm-cache\bower-endpoint-parser
372 silly vacuum-fs purging C:\Users\VICKY\AppData\Roaming\npm-cache\brace-expansion
373 silly vacuum-fs purging C:\Users\VICKY\AppData\Roaming\npm-cache\buffers
374 silly vacuum-fs purging C:\Users\VICKY\AppData\Roaming\npm-cache\bower-registry-client
375 silly vacuum-fs purging C:\Users\VICKY\AppData\Roaming\npm-cache\bower-logger
376 silly vacuum-fs purging C:\Users\VICKY\AppData\Roaming\npm-cache\chainsaw
377 silly vacuum-fs purging C:\Users\VICKY\AppData\Roaming\npm-cache\caseless
378 silly vacuum-fs purging C:\Users\VICKY\AppData\Roaming\npm-cache\cardinal
379 silly vacuum-fs purging C:\Users\VICKY\AppData\Roaming\npm-cache\combined-stream
380 silly vacuum-fs purging C:\Users\VICKY\AppData\Roaming\npm-cache\cli-color
381 silly vacuum-fs purging C:\Users\VICKY\AppData\Roaming\npm-cache\chmodr
382 silly vacuum-fs purging C:\Users\VICKY\AppData\Roaming\npm-cache\chalk
383 silly vacuum-fs purging C:\Users\VICKY\AppData\Roaming\npm-cache\configstore
384 silly vacuum-fs purging C:\Users\VICKY\AppData\Roaming\npm-cache\concat-map
385 silly vacuum-fs purging C:\Users\VICKY\AppData\Roaming\npm-cache\core-util-is
386 silly vacuum-fs purging C:\Users\VICKY\AppData\Roaming\npm-cache\ctype
387 silly vacuum-fs purging C:\Users\VICKY\AppData\Roaming\npm-cache\cryptiles
388 silly vacuum-fs purging C:\Users\VICKY\AppData\Roaming\npm-cache\d
389 silly vacuum-fs purging C:\Users\VICKY\AppData\Roaming\npm-cache\decompress-zip
390 silly vacuum-fs purging C:\Users\VICKY\AppData\Roaming\npm-cache\deep-extend
391 silly vacuum-fs purging C:\Users\VICKY\AppData\Roaming\npm-cache\delayed-stream
392 silly vacuum-fs purging C:\Users\VICKY\AppData\Roaming\npm-cache\duplexify
393 silly vacuum-fs purging C:\Users\VICKY\AppData\Roaming\npm-cache\es5-ext
394 silly vacuum-fs purging C:\Users\VICKY\AppData\Roaming\npm-cache\end-of-stream
395 silly vacuum-fs purging C:\Users\VICKY\AppData\Roaming\npm-cache\es6-iterator
396 silly vacuum-fs purging C:\Users\VICKY\AppData\Roaming\npm-cache\es6-symbol
397 silly vacuum-fs purging C:\Users\VICKY\AppData\Roaming\npm-cache\escape-string-regexp
398 silly vacuum-fs purging C:\Users\VICKY\AppData\Roaming\npm-cache\es6-weak-map
399 silly vacuum-fs purging C:\Users\VICKY\AppData\Roaming\npm-cache\esprima
400 silly vacuum-fs purging C:\Users\VICKY\AppData\Roaming\npm-cache\event-emitter
401 silly vacuum-fs purging C:\Users\VICKY\AppData\Roaming\npm-cache\forever-agent
402 silly vacuum-fs purging C:\Users\VICKY\AppData\Roaming\npm-cache\figures
403 silly vacuum-fs purging C:\Users\VICKY\AppData\Roaming\npm-cache\form-data
404 silly vacuum-fs purging C:\Users\VICKY\AppData\Roaming\npm-cache\fstream-ignore
405 silly vacuum-fs purging C:\Users\VICKY\AppData\Roaming\npm-cache\fstream
406 silly vacuum-fs purging C:\Users\VICKY\AppData\Roaming\npm-cache\github
407 silly vacuum-fs purging C:\Users\VICKY\AppData\Roaming\npm-cache\get-stdin
408 silly vacuum-fs purging C:\Users\VICKY\AppData\Roaming\npm-cache\got
409 silly vacuum-fs purging C:\Users\VICKY\AppData\Roaming\npm-cache\handlebars
410 silly vacuum-fs purging C:\Users\VICKY\AppData\Roaming\npm-cache\glob
411 silly vacuum-fs purging C:\Users\VICKY\AppData\Roaming\npm-cache\graceful-fs
412 silly vacuum-fs purging C:\Users\VICKY\AppData\Roaming\npm-cache\hoek
413 silly vacuum-fs purging C:\Users\VICKY\AppData\Roaming\npm-cache\has-ansi
414 silly vacuum-fs purging C:\Users\VICKY\AppData\Roaming\npm-cache\http-signature
415 silly vacuum-fs purging C:\Users\VICKY\AppData\Roaming\npm-cache\infinity-agent
416 silly vacuum-fs purging C:\Users\VICKY\AppData\Roaming\npm-cache\hawk
417 silly vacuum-fs purging C:\Users\VICKY\AppData\Roaming\npm-cache\inflight
418 silly vacuum-fs purging C:\Users\VICKY\AppData\Roaming\npm-cache\inherits
419 silly vacuum-fs purging C:\Users\VICKY\AppData\Roaming\npm-cache\insight
420 silly vacuum-fs purging C:\Users\VICKY\AppData\Roaming\npm-cache\intersect
421 silly vacuum-fs purging C:\Users\VICKY\AppData\Roaming\npm-cache\ini
422 silly vacuum-fs purging C:\Users\VICKY\AppData\Roaming\npm-cache\inquirer
423 silly vacuum-fs purging C:\Users\VICKY\AppData\Roaming\npm-cache\is-root
424 silly vacuum-fs purging C:\Users\VICKY\AppData\Roaming\npm-cache\is-npm
425 silly vacuum-fs purging C:\Users\VICKY\AppData\Roaming\npm-cache\is-relative
426 silly vacuum-fs purging C:\Users\VICKY\AppData\Roaming\npm-cache\is-absolute
427 silly vacuum-fs purging C:\Users\VICKY\AppData\Roaming\npm-cache\isstream
428 silly vacuum-fs purging C:\Users\VICKY\AppData\Roaming\npm-cache\js-yaml
429 silly vacuum-fs purging C:\Users\VICKY\AppData\Roaming\npm-cache\isarray
430 silly vacuum-fs purging C:\Users\VICKY\AppData\Roaming\npm-cache\is-stream
431 silly vacuum-fs purging C:\Users\VICKY\AppData\Roaming\npm-cache\json-stringify-safe
432 silly vacuum-fs purging C:\Users\VICKY\AppData\Roaming\npm-cache\latest-version
433 silly vacuum-fs purging C:\Users\VICKY\AppData\Roaming\npm-cache\jsonify
434 silly vacuum-fs purging C:\Users\VICKY\AppData\Roaming\npm-cache\junk
435 silly vacuum-fs purging C:\Users\VICKY\AppData\Roaming\npm-cache\lockfile
436 silly vacuum-fs purging C:\Users\VICKY\AppData\Roaming\npm-cache\lodash
437 silly vacuum-fs purging C:\Users\VICKY\AppData\Roaming\npm-cache\lowercase-keys
438 silly vacuum-fs purging C:\Users\VICKY\AppData\Roaming\npm-cache\lodash.isnative
439 silly vacuum-fs purging C:\Users\VICKY\AppData\Roaming\npm-cache\lru-cache
440 silly vacuum-fs purging C:\Users\VICKY\AppData\Roaming\npm-cache\lodash.debounce
441 silly vacuum-fs purging C:\Users\VICKY\AppData\Roaming\npm-cache\lru-queue
442 silly vacuum-fs purging C:\Users\VICKY\AppData\Roaming\npm-cache\memoizee
443 silly vacuum-fs purging C:\Users\VICKY\AppData\Roaming\npm-cache\mime
444 silly vacuum-fs purging C:\Users\VICKY\AppData\Roaming\npm-cache\minimist
445 silly vacuum-fs purging C:\Users\VICKY\AppData\Roaming\npm-cache\mime-types
446 silly vacuum-fs purging C:\Users\VICKY\AppData\Roaming\npm-cache\minimatch
447 silly vacuum-fs purging C:\Users\VICKY\AppData\Roaming\npm-cache\mime-db
448 silly vacuum-fs purging C:\Users\VICKY\AppData\Roaming\npm-cache\mkpath
449 silly vacuum-fs purging C:\Users\VICKY\AppData\Roaming\npm-cache\mute-stream
450 silly vacuum-fs purging C:\Users\VICKY\AppData\Roaming\npm-cache\mout
451 silly vacuum-fs purging C:\Users\VICKY\AppData\Roaming\npm-cache\mkdirp
452 silly vacuum-fs purging C:\Users\VICKY\AppData\Roaming\npm-cache\next-tick
453 silly vacuum-fs purging C:\Users\VICKY\AppData\Roaming\npm-cache\node-uuid
454 silly vacuum-fs purging C:\Users\VICKY\AppData\Roaming\npm-cache\nopt
455 silly vacuum-fs purging C:\Users\VICKY\AppData\Roaming\npm-cache\nested-error-stacks
456 silly vacuum-fs purging C:\Users\VICKY\AppData\Roaming\npm-cache\oauth-sign
457 silly vacuum-fs purging C:\Users\VICKY\AppData\Roaming\npm-cache\once
458 silly vacuum-fs purging C:\Users\VICKY\AppData\Roaming\npm-cache\opn
459 silly vacuum-fs purging C:\Users\VICKY\AppData\Roaming\npm-cache\optimist
460 silly vacuum-fs purging C:\Users\VICKY\AppData\Roaming\npm-cache\object-assign
461 silly vacuum-fs purging C:\Users\VICKY\AppData\Roaming\npm-cache\os-name
462 silly vacuum-fs purging C:\Users\VICKY\AppData\Roaming\npm-cache\osenv
463 silly vacuum-fs purging C:\Users\VICKY\AppData\Roaming\npm-cache\package-json
464 silly vacuum-fs purging C:\Users\VICKY\AppData\Roaming\npm-cache\p-throttler
465 silly vacuum-fs purging C:\Users\VICKY\AppData\Roaming\npm-cache\osx-release
466 silly vacuum-fs purging C:\Users\VICKY\AppData\Roaming\npm-cache\punycode
467 silly vacuum-fs purging C:\Users\VICKY\AppData\Roaming\npm-cache\prepend-http
468 silly vacuum-fs purging C:\Users\VICKY\AppData\Roaming\npm-cache\pump
469 silly vacuum-fs purging C:\Users\VICKY\AppData\Roaming\npm-cache\promptly
470 silly vacuum-fs purging C:\Users\VICKY\AppData\Roaming\npm-cache\qs
471 silly vacuum-fs purging C:\Users\VICKY\AppData\Roaming\npm-cache\rc
472 silly vacuum-fs purging C:\Users\VICKY\AppData\Roaming\npm-cache\read
473 silly vacuum-fs purging C:\Users\VICKY\AppData\Roaming\npm-cache\q
474 silly vacuum-fs purging C:\Users\VICKY\AppData\Roaming\npm-cache\read-all-stream
475 silly vacuum-fs purging C:\Users\VICKY\AppData\Roaming\npm-cache\redeyed
476 silly vacuum-fs purging C:\Users\VICKY\AppData\Roaming\npm-cache\readline2
477 silly vacuum-fs purging C:\Users\VICKY\AppData\Roaming\npm-cache\readable-stream
478 silly vacuum-fs purging C:\Users\VICKY\AppData\Roaming\npm-cache\registry-url
479 silly vacuum-fs purging C:\Users\VICKY\AppData\Roaming\npm-cache\registry.npmjs.org
480 silly vacuum-fs purging C:\Users\VICKY\AppData\Roaming\npm-cache\request
481 silly vacuum-fs purging C:\Users\VICKY\AppData\Roaming\npm-cache\request-progress
482 silly vacuum-fs purging C:\Users\VICKY\AppData\Roaming\npm-cache\request-replay
483 silly vacuum-fs purging C:\Users\VICKY\AppData\Roaming\npm-cache\rimraf
484 silly vacuum-fs purging C:\Users\VICKY\AppData\Roaming\npm-cache\retry
485 silly vacuum-fs purging C:\Users\VICKY\AppData\Roaming\npm-cache\rx
486 silly vacuum-fs purging C:\Users\VICKY\AppData\Roaming\npm-cache\semver
487 silly vacuum-fs purging C:\Users\VICKY\AppData\Roaming\npm-cache\semver-diff
488 silly vacuum-fs purging C:\Users\VICKY\AppData\Roaming\npm-cache\sprintf-js
489 silly vacuum-fs purging C:\Users\VICKY\AppData\Roaming\npm-cache\shell-quote
490 silly vacuum-fs purging C:\Users\VICKY\AppData\Roaming\npm-cache\sntp
491 silly vacuum-fs purging C:\Users\VICKY\AppData\Roaming\npm-cache\source-map
492 silly vacuum-fs purging C:\Users\VICKY\AppData\Roaming\npm-cache\string-length
493 silly vacuum-fs purging C:\Users\VICKY\AppData\Roaming\npm-cache\string_decoder
494 silly vacuum-fs purging C:\Users\VICKY\AppData\Roaming\npm-cache\statuses
495 silly vacuum-fs purging C:\Users\VICKY\AppData\Roaming\npm-cache\stringify-object
496 silly vacuum-fs purging C:\Users\VICKY\AppData\Roaming\npm-cache\stringstream
497 silly vacuum-fs purging C:\Users\VICKY\AppData\Roaming\npm-cache\strip-ansi
498 silly vacuum-fs purging C:\Users\VICKY\AppData\Roaming\npm-cache\strip-json-comments
499 silly vacuum-fs purging C:\Users\VICKY\AppData\Roaming\npm-cache\supports-color
500 silly vacuum-fs purging C:\Users\VICKY\AppData\Roaming\npm-cache\tar-fs
501 silly vacuum-fs purging C:\Users\VICKY\AppData\Roaming\npm-cache\through
502 silly vacuum-fs purging C:\Users\VICKY\AppData\Roaming\npm-cache\tar-stream
503 silly vacuum-fs purging C:\Users\VICKY\AppData\Roaming\npm-cache\throttleit
504 silly vacuum-fs purging C:\Users\VICKY\AppData\Roaming\npm-cache\timed-out
505 silly vacuum-fs purging C:\Users\VICKY\AppData\Roaming\npm-cache\touch
506 silly vacuum-fs purging C:\Users\VICKY\AppData\Roaming\npm-cache\timers-ext
507 silly vacuum-fs purging C:\Users\VICKY\AppData\Roaming\npm-cache\tmp
508 silly vacuum-fs purging C:\Users\VICKY\AppData\Roaming\npm-cache\tough-cookie
509 silly vacuum-fs purging C:\Users\VICKY\AppData\Roaming\npm-cache\traverse
510 silly vacuum-fs purging C:\Users\VICKY\AppData\Roaming\npm-cache\tunnel-agent
511 silly vacuum-fs purging C:\Users\VICKY\AppData\Roaming\npm-cache\uglify-js
512 silly vacuum-fs purging C:\Users\VICKY\AppData\Roaming\npm-cache\uuid
513 silly vacuum-fs purging C:\Users\VICKY\AppData\Roaming\npm-cache\user-home
514 silly vacuum-fs purging C:\Users\VICKY\AppData\Roaming\npm-cache\which
515 silly vacuum-fs purging C:\Users\VICKY\AppData\Roaming\npm-cache\update-notifier
516 silly vacuum-fs purging C:\Users\VICKY\AppData\Roaming\npm-cache\wordwrap
517 silly vacuum-fs purging C:\Users\VICKY\AppData\Roaming\npm-cache\xdg-basedir
518 silly vacuum-fs purging C:\Users\VICKY\AppData\Roaming\npm-cache\win-release
519 silly vacuum-fs purging C:\Users\VICKY\AppData\Roaming\npm-cache\wrappy
520 silly vacuum-fs purging C:\Users\VICKY\AppData\Roaming\npm-cache\xtend
521 silly vacuum-fs quitting because other entries in C:\Users\VICKY\AppData\Roaming\npm-cache
522 silly vacuum-fs quitting because other entries in C:\Users\VICKY\AppData\Roaming\npm-cache
523 silly vacuum-fs quitting because other entries in C:\Users\VICKY\AppData\Roaming\npm-cache
524 silly vacuum-fs quitting because other entries in C:\Users\VICKY\AppData\Roaming\npm-cache
525 silly vacuum-fs quitting because other entries in C:\Users\VICKY\AppData\Roaming\npm-cache
526 silly vacuum-fs quitting because other entries in C:\Users\VICKY\AppData\Roaming\npm-cache
527 silly vacuum-fs quitting because other entries in C:\Users\VICKY\AppData\Roaming\npm-cache
528 silly vacuum-fs quitting because other entries in C:\Users\VICKY\AppData\Roaming\npm-cache
529 silly vacuum-fs quitting because other entries in C:\Users\VICKY\AppData\Roaming\npm-cache
530 silly vacuum-fs quitting because other entries in C:\Users\VICKY\AppData\Roaming\npm-cache
531 silly vacuum-fs quitting because other entries in C:\Users\VICKY\AppData\Roaming\npm-cache
532 silly vacuum-fs quitting because other entries in C:\Users\VICKY\AppData\Roaming\npm-cache
533 silly vacuum-fs quitting because other entries in C:\Users\VICKY\AppData\Roaming\npm-cache
534 silly vacuum-fs quitting because other entries in C:\Users\VICKY\AppData\Roaming\npm-cache
535 silly vacuum-fs quitting because other entries in C:\Users\VICKY\AppData\Roaming\npm-cache
536 silly vacuum-fs quitting because other entries in C:\Users\VICKY\AppData\Roaming\npm-cache
537 silly vacuum-fs quitting because other entries in C:\Users\VICKY\AppData\Roaming\npm-cache
538 silly vacuum-fs quitting because other entries in C:\Users\VICKY\AppData\Roaming\npm-cache
539 silly vacuum-fs quitting because other entries in C:\Users\VICKY\AppData\Roaming\npm-cache
540 silly vacuum-fs quitting because other entries in C:\Users\VICKY\AppData\Roaming\npm-cache
541 silly vacuum-fs quitting because other entries in C:\Users\VICKY\AppData\Roaming\npm-cache
542 silly vacuum-fs quitting because other entries in C:\Users\VICKY\AppData\Roaming\npm-cache
543 silly vacuum-fs quitting because other entries in C:\Users\VICKY\AppData\Roaming\npm-cache
544 silly vacuum-fs quitting because other entries in C:\Users\VICKY\AppData\Roaming\npm-cache
545 silly vacuum-fs quitting because other entries in C:\Users\VICKY\AppData\Roaming\npm-cache
546 silly vacuum-fs quitting because other entries in C:\Users\VICKY\AppData\Roaming\npm-cache
547 silly vacuum-fs quitting because other entries in C:\Users\VICKY\AppData\Roaming\npm-cache
548 silly vacuum-fs quitting because other entries in C:\Users\VICKY\AppData\Roaming\npm-cache
549 silly vacuum-fs quitting because other entries in C:\Users\VICKY\AppData\Roaming\npm-cache
550 silly vacuum-fs quitting because other entries in C:\Users\VICKY\AppData\Roaming\npm-cache
551 silly vacuum-fs quitting because other entries in C:\Users\VICKY\AppData\Roaming\npm-cache
552 silly vacuum-fs quitting because other entries in C:\Users\VICKY\AppData\Roaming\npm-cache
553 silly vacuum-fs quitting because other entries in C:\Users\VICKY\AppData\Roaming\npm-cache
554 silly vacuum-fs quitting because other entries in C:\Users\VICKY\AppData\Roaming\npm-cache
555 silly vacuum-fs quitting because other entries in C:\Users\VICKY\AppData\Roaming\npm-cache
556 silly vacuum-fs quitting because other entries in C:\Users\VICKY\AppData\Roaming\npm-cache
557 silly vacuum-fs quitting because other entries in C:\Users\VICKY\AppData\Roaming\npm-cache
558 silly vacuum-fs quitting because other entries in C:\Users\VICKY\AppData\Roaming\npm-cache
559 silly vacuum-fs quitting because other entries in C:\Users\VICKY\AppData\Roaming\npm-cache
560 silly vacuum-fs quitting because other entries in C:\Users\VICKY\AppData\Roaming\npm-cache
561 silly vacuum-fs quitting because other entries in C:\Users\VICKY\AppData\Roaming\npm-cache
562 silly vacuum-fs quitting because other entries in C:\Users\VICKY\AppData\Roaming\npm-cache
563 silly vacuum-fs quitting because other entries in C:\Users\VICKY\AppData\Roaming\npm-cache
564 silly vacuum-fs quitting because other entries in C:\Users\VICKY\AppData\Roaming\npm-cache
565 silly vacuum-fs quitting because other entries in C:\Users\VICKY\AppData\Roaming\npm-cache
566 silly vacuum-fs quitting because other entries in C:\Users\VICKY\AppData\Roaming\npm-cache
567 silly vacuum-fs quitting because other entries in C:\Users\VICKY\AppData\Roaming\npm-cache
568 silly vacuum-fs quitting because other entries in C:\Users\VICKY\AppData\Roaming\npm-cache
569 silly vacuum-fs quitting because other entries in C:\Users\VICKY\AppData\Roaming\npm-cache
570 silly vacuum-fs quitting because other entries in C:\Users\VICKY\AppData\Roaming\npm-cache
571 silly vacuum-fs quitting because other entries in C:\Users\VICKY\AppData\Roaming\npm-cache
572 silly vacuum-fs quitting because other entries in C:\Users\VICKY\AppData\Roaming\npm-cache
573 silly vacuum-fs quitting because other entries in C:\Users\VICKY\AppData\Roaming\npm-cache
574 silly vacuum-fs quitting because other entries in C:\Users\VICKY\AppData\Roaming\npm-cache
575 silly vacuum-fs quitting because other entries in C:\Users\VICKY\AppData\Roaming\npm-cache
576 silly vacuum-fs quitting because other entries in C:\Users\VICKY\AppData\Roaming\npm-cache
577 silly vacuum-fs quitting because other entries in C:\Users\VICKY\AppData\Roaming\npm-cache
578 silly vacuum-fs quitting because other entries in C:\Users\VICKY\AppData\Roaming\npm-cache
579 silly vacuum-fs quitting because other entries in C:\Users\VICKY\AppData\Roaming\npm-cache
580 silly vacuum-fs quitting because other entries in C:\Users\VICKY\AppData\Roaming\npm-cache
581 silly vacuum-fs quitting because other entries in C:\Users\VICKY\AppData\Roaming\npm-cache
582 silly vacuum-fs quitting because other entries in C:\Users\VICKY\AppData\Roaming\npm-cache
583 silly vacuum-fs quitting because other entries in C:\Users\VICKY\AppData\Roaming\npm-cache
584 silly vacuum-fs quitting because other entries in C:\Users\VICKY\AppData\Roaming\npm-cache
585 silly vacuum-fs quitting because other entries in C:\Users\VICKY\AppData\Roaming\npm-cache
586 silly vacuum-fs quitting because other entries in C:\Users\VICKY\AppData\Roaming\npm-cache
587 silly vacuum-fs quitting because other entries in C:\Users\VICKY\AppData\Roaming\npm-cache
588 silly vacuum-fs quitting because other entries in C:\Users\VICKY\AppData\Roaming\npm-cache
589 silly vacuum-fs quitting because other entries in C:\Users\VICKY\AppData\Roaming\npm-cache
590 silly vacuum-fs quitting because other entries in C:\Users\VICKY\AppData\Roaming\npm-cache
591 silly vacuum-fs quitting because other entries in C:\Users\VICKY\AppData\Roaming\npm-cache
592 silly vacuum-fs quitting because other entries in C:\Users\VICKY\AppData\Roaming\npm-cache
593 silly vacuum-fs quitting because other entries in C:\Users\VICKY\AppData\Roaming\npm-cache
594 silly vacuum-fs quitting because other entries in C:\Users\VICKY\AppData\Roaming\npm-cache
595 silly vacuum-fs quitting because other entries in C:\Users\VICKY\AppData\Roaming\npm-cache
596 silly vacuum-fs quitting because other entries in C:\Users\VICKY\AppData\Roaming\npm-cache
597 silly vacuum-fs quitting because other entries in C:\Users\VICKY\AppData\Roaming\npm-cache
598 silly vacuum-fs quitting because other entries in C:\Users\VICKY\AppData\Roaming\npm-cache
599 silly vacuum-fs quitting because other entries in C:\Users\VICKY\AppData\Roaming\npm-cache
600 silly vacuum-fs quitting because other entries in C:\Users\VICKY\AppData\Roaming\npm-cache
601 silly vacuum-fs quitting because other entries in C:\Users\VICKY\AppData\Roaming\npm-cache
602 silly vacuum-fs quitting because other entries in C:\Users\VICKY\AppData\Roaming\npm-cache
603 silly vacuum-fs quitting because other entries in C:\Users\VICKY\AppData\Roaming\npm-cache
604 silly vacuum-fs quitting because other entries in C:\Users\VICKY\AppData\Roaming\npm-cache
605 silly vacuum-fs quitting because other entries in C:\Users\VICKY\AppData\Roaming\npm-cache
606 silly vacuum-fs quitting because other entries in C:\Users\VICKY\AppData\Roaming\npm-cache
607 silly vacuum-fs quitting because other entries in C:\Users\VICKY\AppData\Roaming\npm-cache
608 silly vacuum-fs quitting because other entries in C:\Users\VICKY\AppData\Roaming\npm-cache
609 silly vacuum-fs quitting because other entries in C:\Users\VICKY\AppData\Roaming\npm-cache
610 silly vacuum-fs quitting because other entries in C:\Users\VICKY\AppData\Roaming\npm-cache
611 silly vacuum-fs quitting because other entries in C:\Users\VICKY\AppData\Roaming\npm-cache
612 silly vacuum-fs quitting because other entries in C:\Users\VICKY\AppData\Roaming\npm-cache
613 silly vacuum-fs quitting because other entries in C:\Users\VICKY\AppData\Roaming\npm-cache
614 silly vacuum-fs quitting because other entries in C:\Users\VICKY\AppData\Roaming\npm-cache
615 silly vacuum-fs quitting because other entries in C:\Users\VICKY\AppData\Roaming\npm-cache
616 silly vacuum-fs quitting because other entries in C:\Users\VICKY\AppData\Roaming\npm-cache
617 silly vacuum-fs quitting because other entries in C:\Users\VICKY\AppData\Roaming\npm-cache
618 silly vacuum-fs quitting because other entries in C:\Users\VICKY\AppData\Roaming\npm-cache
619 silly vacuum-fs quitting because other entries in C:\Users\VICKY\AppData\Roaming\npm-cache
620 silly vacuum-fs quitting because other entries in C:\Users\VICKY\AppData\Roaming\npm-cache
621 silly vacuum-fs quitting because other entries in C:\Users\VICKY\AppData\Roaming\npm-cache
622 silly vacuum-fs quitting because other entries in C:\Users\VICKY\AppData\Roaming\npm-cache
623 silly vacuum-fs quitting because other entries in C:\Users\VICKY\AppData\Roaming\npm-cache
624 silly vacuum-fs quitting because other entries in C:\Users\VICKY\AppData\Roaming\npm-cache
625 silly vacuum-fs quitting because other entries in C:\Users\VICKY\AppData\Roaming\npm-cache
626 silly vacuum-fs quitting because other entries in C:\Users\VICKY\AppData\Roaming\npm-cache
627 silly vacuum-fs quitting because other entries in C:\Users\VICKY\AppData\Roaming\npm-cache
628 silly vacuum-fs quitting because other entries in C:\Users\VICKY\AppData\Roaming\npm-cache
629 silly vacuum-fs quitting because other entries in C:\Users\VICKY\AppData\Roaming\npm-cache
630 silly vacuum-fs quitting because other entries in C:\Users\VICKY\AppData\Roaming\npm-cache
631 silly vacuum-fs quitting because other entries in C:\Users\VICKY\AppData\Roaming\npm-cache
632 silly vacuum-fs quitting because other entries in C:\Users\VICKY\AppData\Roaming\npm-cache
633 silly vacuum-fs quitting because other entries in C:\Users\VICKY\AppData\Roaming\npm-cache
634 silly vacuum-fs quitting because other entries in C:\Users\VICKY\AppData\Roaming\npm-cache
635 silly vacuum-fs quitting because other entries in C:\Users\VICKY\AppData\Roaming\npm-cache
636 silly vacuum-fs quitting because other entries in C:\Users\VICKY\AppData\Roaming\npm-cache
637 silly vacuum-fs quitting because other entries in C:\Users\VICKY\AppData\Roaming\npm-cache
638 silly vacuum-fs quitting because other entries in C:\Users\VICKY\AppData\Roaming\npm-cache
639 silly vacuum-fs quitting because other entries in C:\Users\VICKY\AppData\Roaming\npm-cache
640 silly vacuum-fs quitting because other entries in C:\Users\VICKY\AppData\Roaming\npm-cache
641 silly vacuum-fs quitting because other entries in C:\Users\VICKY\AppData\Roaming\npm-cache
642 silly vacuum-fs quitting because other entries in C:\Users\VICKY\AppData\Roaming\npm-cache
643 silly vacuum-fs quitting because other entries in C:\Users\VICKY\AppData\Roaming\npm-cache
644 silly vacuum-fs quitting because other entries in C:\Users\VICKY\AppData\Roaming\npm-cache
645 silly vacuum-fs quitting because other entries in C:\Users\VICKY\AppData\Roaming\npm-cache
646 silly vacuum-fs quitting because other entries in C:\Users\VICKY\AppData\Roaming\npm-cache
647 silly vacuum-fs quitting because other entries in C:\Users\VICKY\AppData\Roaming\npm-cache
648 silly vacuum-fs quitting because other entries in C:\Users\VICKY\AppData\Roaming\npm-cache
649 silly vacuum-fs quitting because other entries in C:\Users\VICKY\AppData\Roaming\npm-cache
650 silly vacuum-fs quitting because other entries in C:\Users\VICKY\AppData\Roaming\npm-cache
651 silly vacuum-fs quitting because other entries in C:\Users\VICKY\AppData\Roaming\npm-cache
652 silly vacuum-fs quitting because other entries in C:\Users\VICKY\AppData\Roaming\npm-cache
653 silly vacuum-fs quitting because other entries in C:\Users\VICKY\AppData\Roaming\npm-cache
654 silly vacuum-fs quitting because other entries in C:\Users\VICKY\AppData\Roaming\npm-cache
655 silly vacuum-fs quitting because other entries in C:\Users\VICKY\AppData\Roaming\npm-cache
656 silly vacuum-fs quitting because other entries in C:\Users\VICKY\AppData\Roaming\npm-cache
657 silly vacuum-fs quitting because other entries in C:\Users\VICKY\AppData\Roaming\npm-cache
658 silly vacuum-fs quitting because other entries in C:\Users\VICKY\AppData\Roaming\npm-cache
659 silly vacuum-fs quitting because other entries in C:\Users\VICKY\AppData\Roaming\npm-cache
660 silly vacuum-fs quitting because other entries in C:\Users\VICKY\AppData\Roaming\npm-cache
661 silly vacuum-fs quitting because other entries in C:\Users\VICKY\AppData\Roaming\npm-cache
662 silly vacuum-fs quitting because other entries in C:\Users\VICKY\AppData\Roaming\npm-cache
663 silly vacuum-fs quitting because other entries in C:\Users\VICKY\AppData\Roaming\npm-cache
664 silly vacuum-fs quitting because other entries in C:\Users\VICKY\AppData\Roaming\npm-cache
665 silly vacuum-fs quitting because other entries in C:\Users\VICKY\AppData\Roaming\npm-cache
666 silly vacuum-fs quitting because other entries in C:\Users\VICKY\AppData\Roaming\npm-cache
667 silly vacuum-fs quitting because other entries in C:\Users\VICKY\AppData\Roaming\npm-cache
668 silly vacuum-fs quitting because other entries in C:\Users\VICKY\AppData\Roaming\npm-cache
669 silly vacuum-fs quitting because other entries in C:\Users\VICKY\AppData\Roaming\npm-cache
670 silly vacuum-fs quitting because other entries in C:\Users\VICKY\AppData\Roaming\npm-cache
671 silly vacuum-fs quitting because other entries in C:\Users\VICKY\AppData\Roaming\npm-cache
672 silly vacuum-fs quitting because other entries in C:\Users\VICKY\AppData\Roaming\npm-cache
673 silly vacuum-fs quitting because other entries in C:\Users\VICKY\AppData\Roaming\npm-cache
674 silly vacuum-fs quitting because other entries in C:\Users\VICKY\AppData\Roaming\npm-cache
675 silly vacuum-fs quitting because other entries in C:\Users\VICKY\AppData\Roaming\npm-cache
676 silly vacuum-fs quitting because other entries in C:\Users\VICKY\AppData\Roaming\npm-cache
677 silly vacuum-fs quitting because other entries in C:\Users\VICKY\AppData\Roaming\npm-cache
678 silly vacuum-fs quitting because other entries in C:\Users\VICKY\AppData\Roaming\npm-cache
679 silly vacuum-fs quitting because other entries in C:\Users\VICKY\AppData\Roaming\npm-cache
680 silly vacuum-fs quitting because other entries in C:\Users\VICKY\AppData\Roaming\npm-cache
681 silly vacuum-fs quitting because other entries in C:\Users\VICKY\AppData\Roaming\npm-cache
682 silly vacuum-fs quitting because other entries in C:\Users\VICKY\AppData\Roaming\npm-cache
683 silly vacuum-fs quitting because other entries in C:\Users\VICKY\AppData\Roaming\npm-cache
684 silly vacuum-fs quitting because other entries in C:\Users\VICKY\AppData\Roaming\npm-cache
685 silly vacuum-fs quitting because other entries in C:\Users\VICKY\AppData\Roaming\npm-cache
686 silly vacuum-fs quitting because other entries in C:\Users\VICKY\AppData\Roaming\npm-cache
687 silly vacuum-fs quitting because other entries in C:\Users\VICKY\AppData\Roaming\npm-cache
688 silly vacuum-fs quitting because other entries in C:\Users\VICKY\AppData\Roaming\npm-cache
689 silly vacuum-fs removing C:\Users\VICKY\AppData\Roaming\npm-cache
690 silly vacuum-fs removing C:\Users\VICKY\AppData\Roaming\npm-cache
691 silly vacuum-fs removing C:\Users\VICKY\AppData\Roaming\npm-cache
692 silly vacuum-fs unable to remove C:\Users\VICKY\AppData\Roaming\npm-cache due to EPERM, rmdir 'C:\Users\VICKY\AppData\Roaming\npm-cache'
693 silly vacuum-fs unable to remove C:\Users\VICKY\AppData\Roaming\npm-cache due to EPERM, rmdir 'C:\Users\VICKY\AppData\Roaming\npm-cache'
694 silly vacuum-fs quitting because other entries in C:\Users\VICKY\AppData\Roaming
695 silly vacuum-fs removing C:\Users\VICKY\AppData\Roaming\npm-cache
696 verbose stack Error: EPERM, rmdir 'C:\Users\VICKY\AppData\Roaming\npm-cache'
696 verbose stack     at Error (native)
697 verbose cwd C:\xampp\htdocs\sistema
698 error Windows_NT 6.3.9600
699 error argv "c:\\Program Files\\nodejs\\node.exe" "c:\\Program Files\\nodejs\\node_modules\\npm\\bin\\npm-cli.js" "cache" "clean"
700 error node v0.12.2
701 error npm  v2.7.4
702 error path C:\Users\VICKY\AppData\Roaming\npm-cache
703 error code EPERM
704 error errno -4048
705 error Error: EPERM, rmdir 'C:\Users\VICKY\AppData\Roaming\npm-cache'
705 error     at Error (native)
705 error  { [Error: EPERM, rmdir 'C:\Users\VICKY\AppData\Roaming\npm-cache']
705 error   errno: -4048,
705 error   code: 'EPERM',
705 error   path: 'C:\\Users\\VICKY\\AppData\\Roaming\\npm-cache' }
706 error Please try running this command again as root/Administrator.
707 verbose exit [ -4048, true ]
